<?xml version="1.0" encoding="UTF-8"?>
<testsuite xmlns:xsi="http://www.w3.org/2001/XMLSchema-instance" xsi:noNamespaceSchemaLocation="https://maven.apache.org/surefire/maven-surefire-plugin/xsd/surefire-test-report.xsd" name="ProductManagerTest" time="0.062" tests="9" errors="0" skipped="0" failures="0">
  <properties>
[...]
</properties>
  <testcase name="shouldNoFind" classname="ProductManagerTest" time="0.047"/>
  <testcase name="shouldFindTwoSmartphone" classname="ProductManagerTest" time="0"/>
  <testcase name="shouldRemoveBook" classname="ProductManagerTest" time="0"/>
  <testcase name="shouldFindOneSmartphone" classname="ProductManagerTest" time="0"/>
  <testcase name="shouldRemoveSmartphone" classname="ProductManagerTest" time="0"/>
  <testcase name="shouldNotRemove" classname="ProductManagerTest" time="0.015"/>
  <testcase name="shouldFindTwoBook" classname="ProductManagerTest" time="0"/>
  <testcase name="shouldAddFourProduct" classname="ProductManagerTest" time="0"/>
  <testcase name="shouldFindBookAndSmartphone" classname="ProductManagerTest" time="0"/>
</testsuite>